Using pre-set license
Built from '2020.3/staging' branch; Version is '2020.3.8f1 (507919d4fff5) revision 5273881'; Using compiler version '192528614'; Build Type 'Release'
OS: 'Windows 10 Home; OS build 22000.176; Version 2009; 64bit' Language: 'en' Physical Memory: 32701 MB
BatchMode: 1, IsHumanControllingUs: 0, StartBugReporterOnCrash: 0, Is64bit: 1, IsPro: 0

 COMMAND LINE ARGUMENTS:
C:\Program Files\Unity\Hub\Editor\2020.3.8f1\Editor\Unity.exe
-adb2
-batchMode
-noUpm
-name
AssetImportWorker0
-projectPath
E:/LiftSimulator/LiftSimulatorDemo
-logFile
Logs/AssetImportWorker0.log
-srvPort
53586
Successfully changed project path to: E:/LiftSimulator/LiftSimulatorDemo
E:/LiftSimulator/LiftSimulatorDemo
Using Asset Import Pipeline V2.
Refreshing native plugins compatible for Editor in 33.12 ms, found 0 plugins.
Preloading 0 native plugins for Editor in 0.00 ms.
Initialize engine version: 2020.3.8f1 (507919d4fff5)
[Subsystems] Discovering subsystems at path C:/Program Files/Unity/Hub/Editor/2020.3.8f1/Editor/Data/Resources/UnitySubsystems
[Subsystems] Discovering subsystems at path E:/LiftSimulator/LiftSimulatorDemo/Assets
GfxDevice: creating device client; threaded=0
Direct3D:
    Version:  Direct3D 11.0 [level 11.1]
    Renderer: NVIDIA GeForce RTX 2080 (ID=0x1e87)
    Vendor:   
    VRAM:     7920 MB
    Driver:   30.0.14.7168
Initialize mono
Mono path[0] = 'C:/Program Files/Unity/Hub/Editor/2020.3.8f1/Editor/Data/Managed'
Mono path[1] = 'C:/Program Files/Unity/Hub/Editor/2020.3.8f1/Editor/Data/MonoBleedingEdge/lib/mono/unityjit'
Mono config path = 'C:/Program Files/Unity/Hub/Editor/2020.3.8f1/Editor/Data/MonoBleedingEdge/etc'
Using monoOptions --debugger-agent=transport=dt_socket,embedding=1,server=y,suspend=n,address=127.0.0.1:56588
Begin MonoManager ReloadAssembly
Registering precompiled unity dll's ...
Register platform support module: C:/Program Files/Unity/Hub/Editor/2020.3.8f1/Editor/Data/PlaybackEngines/WindowsStandaloneSupport/UnityEditor.WindowsStandalone.Extensions.dll
Registered in 0.001618 seconds.
Native extension for WindowsStandalone target not found
Refreshing native plugins compatible for Editor in 33.09 ms, found 0 plugins.
Preloading 0 native plugins for Editor in 0.00 ms.
Mono: successfully reloaded assembly
- Completed reload, in  1.825 seconds
Platform modules already initialized, skipping
Registering precompiled user dll's ...
Registered in 0.001003 seconds.
Begin MonoManager ReloadAssembly
Native extension for WindowsStandalone target not found
Refreshing native plugins compatible for Editor in 33.20 ms, found 0 plugins.
Preloading 0 native plugins for Editor in 0.00 ms.
Mono: successfully reloaded assembly
- Completed reload, in  0.893 seconds
Platform modules already initialized, skipping
========================================================================
Worker process is ready to serve import requests
Launched and connected shader compiler UnityShaderCompiler.exe after 0.04 seconds
Refreshing native plugins compatible for Editor in 0.36 ms, found 0 plugins.
Preloading 0 native plugins for Editor in 0.00 ms.
Unloading 2054 Unused Serialized files (Serialized files now loaded: 0)
System memory in use before: 98.0 MB.
System memory in use after: 98.0 MB.

Unloading 14 unused Assets to reduce memory usage. Loaded Objects now: 2499.
Total: 2.207900 ms (FindLiveObjects: 0.228800 ms CreateObjectMapping: 0.093000 ms MarkObjects: 1.779800 ms  DeleteObjects: 0.105000 ms)

========================================================================
Received Import Request.
  path: Assets/StarterAssets/Readme.asset
  artifactKey: Guid(4181bfe715a83e843b7538d750dc57cc) Importer(815301076,1909f56bfc062723c751e8b465ee728b)
Start importing Assets/StarterAssets/Readme.asset using Guid(4181bfe715a83e843b7538d750dc57cc) Importer(815301076,1909f56bfc062723c751e8b465ee728b)  -> (artifact id: '13167d1a8141c6a91ea2a8d07c3902f8') in 0.040744 seconds
  Import took 0.043397 seconds .

========================================================================
Received Prepare
Registering precompiled user dll's ...
Registered in 0.001007 seconds.
Begin MonoManager ReloadAssembly
Native extension for WindowsStandalone target not found
Refreshing native plugins compatible for Editor in 0.33 ms, found 0 plugins.
Preloading 0 native plugins for Editor in 0.00 ms.
Mono: successfully reloaded assembly
- Completed reload, in  0.800 seconds
Platform modules already initialized, skipping
Refreshing native plugins compatible for Editor in 0.32 ms, found 0 plugins.
Preloading 0 native plugins for Editor in 0.00 ms.
Unloading 2010 Unused Serialized files (Serialized files now loaded: 0)
System memory in use before: 93.4 MB.
System memory in use after: 93.4 MB.

Unloading 7 unused Assets to reduce memory usage. Loaded Objects now: 2515.
Total: 1.692600 ms (FindLiveObjects: 0.154100 ms CreateObjectMapping: 0.052400 ms MarkObjects: 1.415000 ms  DeleteObjects: 0.070300 ms)

========================================================================
Received Import Request.
  Time since last request: 108.671011 seconds.
  path: Assets/StarterAssets/FirstPersonController
  artifactKey: Guid(24b6cfc1f7567ec448cc19d73d593576) Importer(815301076,1909f56bfc062723c751e8b465ee728b)
Start importing Assets/StarterAssets/FirstPersonController using Guid(24b6cfc1f7567ec448cc19d73d593576) Importer(815301076,1909f56bfc062723c751e8b465ee728b)  -> (artifact id: '1eacbf980d411708422213201f6f605f') in 0.004135 seconds
  Import took 0.006636 seconds .

========================================================================
Received Import Request.
  Time since last request: 0.003888 seconds.
  path: Assets/StarterAssets/FirstPersonController
  artifactKey: Guid(24b6cfc1f7567ec448cc19d73d593576) Importer(815301076,1909f56bfc062723c751e8b465ee728b)
Start importing Assets/StarterAssets/FirstPersonController using Guid(24b6cfc1f7567ec448cc19d73d593576) Importer(815301076,1909f56bfc062723c751e8b465ee728b)  -> (artifact id: '1eacbf980d411708422213201f6f605f') in 0.002182 seconds
  Import took 0.004617 seconds .

========================================================================
Received Import Request.
  Time since last request: 0.855521 seconds.
  path: Assets/StarterAssets/FirstPersonController/Scripts
  artifactKey: Guid(d945aebbdf256954aadf016c19fcea09) Importer(815301076,1909f56bfc062723c751e8b465ee728b)
Start importing Assets/StarterAssets/FirstPersonController/Scripts using Guid(d945aebbdf256954aadf016c19fcea09) Importer(815301076,1909f56bfc062723c751e8b465ee728b)  -> (artifact id: '55172605b7361a55f358c85dd6779654') in 0.001949 seconds
  Import took 0.004405 seconds .

========================================================================
Received Import Request.
  Time since last request: 1.203244 seconds.
  path: Assets/StarterAssets/FirstPersonController/Scripts/FirstPersonController.cs
  artifactKey: Guid(55919ac34a26952479f3fc91f777b2fa) Importer(815301076,1909f56bfc062723c751e8b465ee728b)
Start importing Assets/StarterAssets/FirstPersonController/Scripts/FirstPersonController.cs using Guid(55919ac34a26952479f3fc91f777b2fa) Importer(815301076,1909f56bfc062723c751e8b465ee728b)  -> (artifact id: '6640c346ab229a65d7141d7343446743') in 0.005127 seconds
  Import took 0.007675 seconds .

========================================================================
Received Import Request.
  Time since last request: 0.001727 seconds.
  path: Assets/StarterAssets/FirstPersonController/Scripts/FirstPersonController.cs
  artifactKey: Guid(55919ac34a26952479f3fc91f777b2fa) Importer(815301076,1909f56bfc062723c751e8b465ee728b)
Start importing Assets/StarterAssets/FirstPersonController/Scripts/FirstPersonController.cs using Guid(55919ac34a26952479f3fc91f777b2fa) Importer(815301076,1909f56bfc062723c751e8b465ee728b)  -> (artifact id: '6640c346ab229a65d7141d7343446743') in 0.001782 seconds
  Import took 0.003942 seconds .

========================================================================
Received Import Request.
  Time since last request: 0.541589 seconds.
  path: Assets/StarterAssets/FirstPersonController/Scripts/BasicRigidBodyPush.cs
  artifactKey: Guid(909d917d73a63f940ac158d02e936645) Importer(815301076,1909f56bfc062723c751e8b465ee728b)
Start importing Assets/StarterAssets/FirstPersonController/Scripts/BasicRigidBodyPush.cs using Guid(909d917d73a63f940ac158d02e936645) Importer(815301076,1909f56bfc062723c751e8b465ee728b)  -> (artifact id: '46230d2bfb42facc8385778c926d1214') in 0.001969 seconds
  Import took 0.004432 seconds .

========================================================================
Received Import Request.
  Time since last request: 14.502185 seconds.
  path: Assets/StarterAssets/InputSystem
  artifactKey: Guid(48c9acd554a28814b922162e3fa889b0) Importer(815301076,1909f56bfc062723c751e8b465ee728b)
Start importing Assets/StarterAssets/InputSystem using Guid(48c9acd554a28814b922162e3fa889b0) Importer(815301076,1909f56bfc062723c751e8b465ee728b)  -> (artifact id: '40c0328e2710e82cf37b03319b0d6c42') in 0.002331 seconds
  Import took 0.005123 seconds .

========================================================================
Received Import Request.
  Time since last request: 0.085755 seconds.
  path: Assets/StarterAssets/InputSystem/StarterAssets.inputactions
  artifactKey: Guid(4419d82f33d36e848b3ed5af4c8da37e) Importer(815301076,1909f56bfc062723c751e8b465ee728b)
Start importing Assets/StarterAssets/InputSystem/StarterAssets.inputactions using Guid(4419d82f33d36e848b3ed5af4c8da37e) Importer(815301076,1909f56bfc062723c751e8b465ee728b)  -> (artifact id: '9a61ce9462256b9172020038f90c266f') in 0.021582 seconds
  Import took 0.024586 seconds .

========================================================================
Received Import Request.
  Time since last request: 0.000315 seconds.
  path: Assets/StarterAssets/InputSystem/StarterAssets.inputsettings.asset
  artifactKey: Guid(9e7be553448fa2546aea5752021cbcf7) Importer(815301076,1909f56bfc062723c751e8b465ee728b)
Start importing Assets/StarterAssets/InputSystem/StarterAssets.inputsettings.asset using Guid(9e7be553448fa2546aea5752021cbcf7) Importer(815301076,1909f56bfc062723c751e8b465ee728b)  -> (artifact id: 'ee98e51623f126f68ae26a67e3c6dc41') in 0.002577 seconds
  Import took 0.004806 seconds .

========================================================================
Received Import Request.
  Time since last request: 0.990044 seconds.
  path: Assets/StarterAssets/InputSystem/StarterAssetsInputs.cs
  artifactKey: Guid(e087ecce43ebbff45a1b360637807d93) Importer(815301076,1909f56bfc062723c751e8b465ee728b)
Start importing Assets/StarterAssets/InputSystem/StarterAssetsInputs.cs using Guid(e087ecce43ebbff45a1b360637807d93) Importer(815301076,1909f56bfc062723c751e8b465ee728b)  -> (artifact id: 'f0b48122c0c04805fc0b8d5fe2e0f688') in 0.002043 seconds
  Import took 0.004410 seconds .

========================================================================
Received Import Request.
  Time since last request: 0.001670 seconds.
  path: Assets/StarterAssets/InputSystem/StarterAssetsInputs.cs
  artifactKey: Guid(e087ecce43ebbff45a1b360637807d93) Importer(815301076,1909f56bfc062723c751e8b465ee728b)
Start importing Assets/StarterAssets/InputSystem/StarterAssetsInputs.cs using Guid(e087ecce43ebbff45a1b360637807d93) Importer(815301076,1909f56bfc062723c751e8b465ee728b)  -> (artifact id: 'f0b48122c0c04805fc0b8d5fe2e0f688') in 0.001796 seconds
  Import took 0.004191 seconds .

========================================================================
Received Import Request.
  Time since last request: 10.626410 seconds.
  path: Assets/StarterAssets/InputSystem/StarterAssetsInputs1.cs
  artifactKey: Guid(6a2cee363647ced4cafd181f84f988d3) Importer(815301076,1909f56bfc062723c751e8b465ee728b)
Start importing Assets/StarterAssets/InputSystem/StarterAssetsInputs1.cs using Guid(6a2cee363647ced4cafd181f84f988d3) Importer(815301076,1909f56bfc062723c751e8b465ee728b)  -> (artifact id: '5e3fa5817008f88d0f26d52080be7c67') in 0.002095 seconds
  Import took 0.004725 seconds .

========================================================================
Received Prepare
Registering precompiled user dll's ...
Registered in 0.001037 seconds.
Begin MonoManager ReloadAssembly
Native extension for WindowsStandalone target not found
Refreshing native plugins compatible for Editor in 0.35 ms, found 0 plugins.
Preloading 0 native plugins for Editor in 0.00 ms.
Mono: successfully reloaded assembly
- Completed reload, in  0.810 seconds
Platform modules already initialized, skipping
Refreshing native plugins compatible for Editor in 0.32 ms, found 0 plugins.
Preloading 0 native plugins for Editor in 0.00 ms.
Unloading 2010 Unused Serialized files (Serialized files now loaded: 0)
System memory in use before: 93.4 MB.
System memory in use after: 93.5 MB.

Unloading 8 unused Assets to reduce memory usage. Loaded Objects now: 2518.
Total: 1.863000 ms (FindLiveObjects: 0.140100 ms CreateObjectMapping: 0.052000 ms MarkObjects: 1.604000 ms  DeleteObjects: 0.066300 ms)

========================================================================
Received Import Request.
  Time since last request: 13.369267 seconds.
  path: Assets/StarterAssets/InputSystem/StarterAssetsInputs.cs
  artifactKey: Guid(6a2cee363647ced4cafd181f84f988d3) Importer(815301076,1909f56bfc062723c751e8b465ee728b)
Start importing Assets/StarterAssets/InputSystem/StarterAssetsInputs.cs using Guid(6a2cee363647ced4cafd181f84f988d3) Importer(815301076,1909f56bfc062723c751e8b465ee728b)  -> (artifact id: '7b0d180a87d7771340af7e74facfdf0c') in 0.004057 seconds
  Import took 0.006724 seconds .

========================================================================
Received Prepare
Registering precompiled user dll's ...
Registered in 0.001059 seconds.
Begin MonoManager ReloadAssembly
Native extension for WindowsStandalone target not found
Refreshing native plugins compatible for Editor in 0.31 ms, found 0 plugins.
Preloading 0 native plugins for Editor in 0.00 ms.
Mono: successfully reloaded assembly
- Completed reload, in  0.789 seconds
Platform modules already initialized, skipping
Refreshing native plugins compatible for Editor in 0.32 ms, found 0 plugins.
Preloading 0 native plugins for Editor in 0.00 ms.
Unloading 2010 Unused Serialized files (Serialized files now loaded: 0)
System memory in use before: 93.5 MB.
System memory in use after: 93.5 MB.

Unloading 7 unused Assets to reduce memory usage. Loaded Objects now: 2521.
Total: 2.098400 ms (FindLiveObjects: 0.183400 ms CreateObjectMapping: 0.058600 ms MarkObjects: 1.782100 ms  DeleteObjects: 0.073700 ms)

========================================================================
Received Import Request.
  Time since last request: 54.322769 seconds.
  path: Assets/Scenes/SampleScene 1.unity
  artifactKey: Guid(ec693a53c6514cb4bb817c19493edc53) Importer(815301076,1909f56bfc062723c751e8b465ee728b)
Start importing Assets/Scenes/SampleScene 1.unity using Guid(ec693a53c6514cb4bb817c19493edc53) Importer(815301076,1909f56bfc062723c751e8b465ee728b)  -> (artifact id: '2c9652e14e414babd74a41d615f9bb35') in 0.015756 seconds
  Import took 0.018604 seconds .

========================================================================
Received Import Request.
  Time since last request: 7.133695 seconds.
  path: Assets/Scenes/SampleScene.unity
  artifactKey: Guid(9fc0d4010bbf28b4594072e72b8655ab) Importer(815301076,1909f56bfc062723c751e8b465ee728b)
Start importing Assets/Scenes/SampleScene.unity using Guid(9fc0d4010bbf28b4594072e72b8655ab) Importer(815301076,1909f56bfc062723c751e8b465ee728b)  -> (artifact id: '85059f4f9e1a832ed95adaa0d25c5c4c') in 0.002250 seconds
  Import took 0.004778 seconds .

========================================================================
Received Import Request.
  Time since last request: 92.925639 seconds.
  path: Assets/Scenes/SampleScene/Lightmap-1_comp_shadowmask.png
  artifactKey: Guid(755503ada057f2d4a9d20b1bcbf5e627) Importer(815301076,1909f56bfc062723c751e8b465ee728b)
Start importing Assets/Scenes/SampleScene/Lightmap-1_comp_shadowmask.png using Guid(755503ada057f2d4a9d20b1bcbf5e627) Importer(815301076,1909f56bfc062723c751e8b465ee728b)  -> (artifact id: '25713492a04b40c4f1a77d75eea4a2e4') in 0.092060 seconds
  Import took 0.094756 seconds .

========================================================================
Received Import Request.
  Time since last request: 0.000243 seconds.
  path: Assets/StarterAssets/Mobile/UI/UI_Icon_Look.png
  artifactKey: Guid(af0ae2dbf3d1efb4f82af377950704a2) Importer(815301076,1909f56bfc062723c751e8b465ee728b)
Start importing Assets/StarterAssets/Mobile/UI/UI_Icon_Look.png using Guid(af0ae2dbf3d1efb4f82af377950704a2) Importer(815301076,1909f56bfc062723c751e8b465ee728b)  -> (artifact id: 'd25dc6e0276c58546f325aaa4e4391df') in 0.047999 seconds
  Import took 0.050398 seconds .

========================================================================
Received Import Request.
  Time since last request: 0.000229 seconds.
  path: Assets/Scenes/SampleScene/ReflectionProbe-3.exr
  artifactKey: Guid(d87fd8984d9227546a2a314c30243150) Importer(815301076,1909f56bfc062723c751e8b465ee728b)
Start importing Assets/Scenes/SampleScene/ReflectionProbe-3.exr using Guid(d87fd8984d9227546a2a314c30243150) Importer(815301076,1909f56bfc062723c751e8b465ee728b)  -> (artifact id: '474b8d7b3dc75f4d7bbbad4c6ede8c29') in 0.040099 seconds
  Import took 0.042636 seconds .

========================================================================
Received Import Request.
  Time since last request: 0.000204 seconds.
  path: Assets/Scenes/SampleScene/ReflectionProbe-4.exr
  artifactKey: Guid(03475c27675defe44891494002789816) Importer(815301076,1909f56bfc062723c751e8b465ee728b)
Start importing Assets/Scenes/SampleScene/ReflectionProbe-4.exr using Guid(03475c27675defe44891494002789816) Importer(815301076,1909f56bfc062723c751e8b465ee728b)  -> (artifact id: '57a65cb3ec8324b7138626a9362170ac') in 0.012371 seconds
  Import took 0.014968 seconds .

========================================================================
Received Import Request.
  Time since last request: 0.000238 seconds.
  path: Assets/StarterAssets/Mobile/UI/UI_Circle_Bevel_Base.png
  artifactKey: Guid(b74c31d447d2f5d41a61081bdf5e7126) Importer(815301076,1909f56bfc062723c751e8b465ee728b)
Start importing Assets/StarterAssets/Mobile/UI/UI_Circle_Bevel_Base.png using Guid(b74c31d447d2f5d41a61081bdf5e7126) Importer(815301076,1909f56bfc062723c751e8b465ee728b)  -> (artifact id: '3075198505f148d8877847d13992de45') in 0.013021 seconds
  Import took 0.015626 seconds .

========================================================================
Received Import Request.
  Time since last request: 0.000279 seconds.
  path: Assets/Scenes/SampleScene/ReflectionProbe-0.exr
  artifactKey: Guid(ef1c915320621b440b30e8110720b528) Importer(815301076,1909f56bfc062723c751e8b465ee728b)
Start importing Assets/Scenes/SampleScene/ReflectionProbe-0.exr using Guid(ef1c915320621b440b30e8110720b528) Importer(815301076,1909f56bfc062723c751e8b465ee728b)  -> (artifact id: '03d3063d20860b3a3a7e8636cb466f86') in 0.012029 seconds
  Import took 0.014524 seconds .

========================================================================
Received Import Request.
  Time since last request: 0.000315 seconds.
  path: Assets/StarterAssets/FirstPersonController/Scenes/Playground/ReflectionProbe-2.exr
  artifactKey: Guid(c49ef192a57a5af42a728163b2468c8a) Importer(815301076,1909f56bfc062723c751e8b465ee728b)
Start importing Assets/StarterAssets/FirstPersonController/Scenes/Playground/ReflectionProbe-2.exr using Guid(c49ef192a57a5af42a728163b2468c8a) Importer(815301076,1909f56bfc062723c751e8b465ee728b)  -> (artifact id: '9df7367a4caaedbded472cdb513c9411') in 0.011318 seconds
  Import took 0.013879 seconds .

========================================================================
Received Import Request.
  Time since last request: 0.000287 seconds.
  path: Assets/Scenes/SampleScene/ReflectionProbe-1.exr
  artifactKey: Guid(9c8c8f610e8dec949952e71b20bd41ce) Importer(815301076,1909f56bfc062723c751e8b465ee728b)
Start importing Assets/Scenes/SampleScene/ReflectionProbe-1.exr using Guid(9c8c8f610e8dec949952e71b20bd41ce) Importer(815301076,1909f56bfc062723c751e8b465ee728b)  -> (artifact id: '73a34d92a6af818417d77bab2cb1dbbe') in 0.013254 seconds
  Import took 0.016206 seconds .

========================================================================
Received Import Request.
  Time since last request: 0.000227 seconds.
  path: Assets/StarterAssets/Mobile/UI/UI_Circle_Faded.png
  artifactKey: Guid(90ded0611e490aa4ba6961afbfc2280d) Importer(815301076,1909f56bfc062723c751e8b465ee728b)
Start importing Assets/StarterAssets/Mobile/UI/UI_Circle_Faded.png using Guid(90ded0611e490aa4ba6961afbfc2280d) Importer(815301076,1909f56bfc062723c751e8b465ee728b)  -> (artifact id: '087bd7dbbf538a6c7e1f6f3abe56303d') in 0.038983 seconds
  Import took 0.042123 seconds .

========================================================================
Received Import Request.
  Time since last request: 0.000179 seconds.
  path: Assets/Scenes/SampleScene/Lightmap-2_comp_light.exr
  artifactKey: Guid(955eb356a5d8ecc48a1efa5e750828c2) Importer(815301076,1909f56bfc062723c751e8b465ee728b)
Start importing Assets/Scenes/SampleScene/Lightmap-2_comp_light.exr using Guid(955eb356a5d8ecc48a1efa5e750828c2) Importer(815301076,1909f56bfc062723c751e8b465ee728b)  -> (artifact id: '509af6efabf595e8760d013d309dde48') in 0.008854 seconds
  Import took 0.011432 seconds .

========================================================================
Received Import Request.
  Time since last request: 0.000185 seconds.
  path: Assets/StarterAssets/Mobile/UI/UI_Icon_Sprint.png
  artifactKey: Guid(b0fa70abd2a79904cb00b175dfd8ec7e) Importer(815301076,1909f56bfc062723c751e8b465ee728b)
Start importing Assets/StarterAssets/Mobile/UI/UI_Icon_Sprint.png using Guid(b0fa70abd2a79904cb00b175dfd8ec7e) Importer(815301076,1909f56bfc062723c751e8b465ee728b)  -> (artifact id: 'f98d479edd3796d965a57b36fd0fa06d') in 0.008770 seconds
  Import took 0.011333 seconds .

========================================================================
Received Import Request.
  Time since last request: 0.000188 seconds.
  path: Assets/StarterAssets/FirstPersonController/Scenes/Playground/ReflectionProbe-1.exr
  artifactKey: Guid(5515cbebf3ef1144ebf8d50ed9091e17) Importer(815301076,1909f56bfc062723c751e8b465ee728b)
Start importing Assets/StarterAssets/FirstPersonController/Scenes/Playground/ReflectionProbe-1.exr using Guid(5515cbebf3ef1144ebf8d50ed9091e17) Importer(815301076,1909f56bfc062723c751e8b465ee728b)  -> (artifact id: '4589a75644cb72f15965300d8c1a2625') in 0.008531 seconds
  Import took 0.011051 seconds .

========================================================================
Received Import Request.
  Time since last request: 0.000219 seconds.
  path: Assets/Scenes/SampleScene/ReflectionProbe-2.exr
  artifactKey: Guid(62debea7a20f63d48a7de8561d321672) Importer(815301076,1909f56bfc062723c751e8b465ee728b)
Start importing Assets/Scenes/SampleScene/ReflectionProbe-2.exr using Guid(62debea7a20f63d48a7de8561d321672) Importer(815301076,1909f56bfc062723c751e8b465ee728b)  -> (artifact id: '553dbac0f685f8a26c05e693a7f359c6') in 0.009135 seconds
  Import took 0.011543 seconds .

========================================================================
Received Import Request.
  Time since last request: 0.000198 seconds.
  path: Assets/Scenes/SampleScene/Lightmap-2_comp_shadowmask.png
  artifactKey: Guid(c4f83c20812869840a1135be18e460ab) Importer(815301076,1909f56bfc062723c751e8b465ee728b)
Start importing Assets/Scenes/SampleScene/Lightmap-2_comp_shadowmask.png using Guid(c4f83c20812869840a1135be18e460ab) Importer(815301076,1909f56bfc062723c751e8b465ee728b)  -> (artifact id: 'c98d8fc2d507cc518c38e2b101729b65') in 0.007266 seconds
  Import took 0.009683 seconds .

========================================================================
Received Import Request.
  Time since last request: 0.000175 seconds.
  path: Assets/StarterAssets/TutorialInfo/Icons/ReadMeImg.PNG
  artifactKey: Guid(44a17a5b205fcd349a24700e6f5615bd) Importer(815301076,1909f56bfc062723c751e8b465ee728b)
Start importing Assets/StarterAssets/TutorialInfo/Icons/ReadMeImg.PNG using Guid(44a17a5b205fcd349a24700e6f5615bd) Importer(815301076,1909f56bfc062723c751e8b465ee728b)  -> (artifact id: 'efe4ce944f34c09982e45b907f1f8571') in 0.007428 seconds
  Import took 0.009860 seconds .

========================================================================
Received Import Request.
  Time since last request: 0.000224 seconds.
  path: Assets/StarterAssets/FirstPersonController/Scenes/Playground/ReflectionProbe-0.exr
  artifactKey: Guid(ac547032e7ab2874b8b53ccbfec07526) Importer(815301076,1909f56bfc062723c751e8b465ee728b)
Start importing Assets/StarterAssets/FirstPersonController/Scenes/Playground/ReflectionProbe-0.exr using Guid(ac547032e7ab2874b8b53ccbfec07526) Importer(815301076,1909f56bfc062723c751e8b465ee728b)  -> (artifact id: '010669f43711433e8f672eaee28be9aa') in 0.008943 seconds
  Import took 0.011379 seconds .

========================================================================
Received Import Request.
  Time since last request: 0.000261 seconds.
  path: Assets/Scenes/SampleScene/Lightmap-2_comp_dir.png
  artifactKey: Guid(fb2dfdb1b0ee68341b3c90b148c5cee9) Importer(815301076,1909f56bfc062723c751e8b465ee728b)
Start importing Assets/Scenes/SampleScene/Lightmap-2_comp_dir.png using Guid(fb2dfdb1b0ee68341b3c90b148c5cee9) Importer(815301076,1909f56bfc062723c751e8b465ee728b)  -> (artifact id: 'a890f6cb939d8f8d09f884392de38ce3') in 0.006422 seconds
  Import took 0.008964 seconds .

========================================================================
Received Import Request.
  Time since last request: 0.000228 seconds.
  path: Assets/StarterAssets/Mobile/UI/UI_Icon_Jump.png
  artifactKey: Guid(751aa1b6637101946b2fdbb7aa27d6ad) Importer(815301076,1909f56bfc062723c751e8b465ee728b)
Start importing Assets/StarterAssets/Mobile/UI/UI_Icon_Jump.png using Guid(751aa1b6637101946b2fdbb7aa27d6ad) Importer(815301076,1909f56bfc062723c751e8b465ee728b)  -> (artifact id: 'ed447d0848c92763b958217abb2f126e') in 0.008651 seconds
  Import took 0.011230 seconds .

========================================================================
Received Import Request.
  Time since last request: 0.000256 seconds.
  path: Assets/StarterAssets/TutorialInfo/Icons/ReadMeImg.PNG
  artifactKey: Guid(44a17a5b205fcd349a24700e6f5615bd) Importer(815301076,1909f56bfc062723c751e8b465ee728b)
Start importing Assets/StarterAssets/TutorialInfo/Icons/ReadMeImg.PNG using Guid(44a17a5b205fcd349a24700e6f5615bd) Importer(815301076,1909f56bfc062723c751e8b465ee728b)  -> (artifact id: 'efe4ce944f34c09982e45b907f1f8571') in 0.005387 seconds
  Import took 0.008205 seconds .

========================================================================
Received Import Request.
  Time since last request: 0.000224 seconds.
  path: Assets/StarterAssets/Mobile/UI/UI_Icon_Move.png
  artifactKey: Guid(ff7bfa7addf40784d86f62b8e4a034a6) Importer(815301076,1909f56bfc062723c751e8b465ee728b)
Start importing Assets/StarterAssets/Mobile/UI/UI_Icon_Move.png using Guid(ff7bfa7addf40784d86f62b8e4a034a6) Importer(815301076,1909f56bfc062723c751e8b465ee728b)  -> (artifact id: '298de6bdd935762a30d152da9ec8c289') in 0.009735 seconds
  Import took 0.012110 seconds .

========================================================================
Received Import Request.
  Time since last request: 0.003279 seconds.
  path: Assets/StarterAssets/Mobile/UI/UI_Icon_Jump.png
  artifactKey: Guid(751aa1b6637101946b2fdbb7aa27d6ad) Importer(815301076,1909f56bfc062723c751e8b465ee728b)
Start importing Assets/StarterAssets/Mobile/UI/UI_Icon_Jump.png using Guid(751aa1b6637101946b2fdbb7aa27d6ad) Importer(815301076,1909f56bfc062723c751e8b465ee728b)  -> (artifact id: 'ed447d0848c92763b958217abb2f126e') in 0.009018 seconds
  Import took 0.011853 seconds .

========================================================================
Received Import Request.
  Time since last request: 1.719521 seconds.
  path: Assets/TextMesh Pro/Resources/Fonts & Materials/LiberationSans SDF - Fallback.asset
  artifactKey: Guid(2e498d1c8094910479dc3e1b768306a4) Importer(815301076,1909f56bfc062723c751e8b465ee728b)
Start importing Assets/TextMesh Pro/Resources/Fonts & Materials/LiberationSans SDF - Fallback.asset using Guid(2e498d1c8094910479dc3e1b768306a4) Importer(815301076,1909f56bfc062723c751e8b465ee728b)  -> (artifact id: 'b8c2210586957436df79bf961aeff06e') in 0.041474 seconds
  Import took 0.044566 seconds .

========================================================================
Received Import Request.
  Time since last request: 0.000300 seconds.
  path: Assets/Scenes/SampleScene/Lightmap-0_comp_dir.png
  artifactKey: Guid(e54cec65b94bea1448c5faace022cdc9) Importer(815301076,1909f56bfc062723c751e8b465ee728b)
Start importing Assets/Scenes/SampleScene/Lightmap-0_comp_dir.png using Guid(e54cec65b94bea1448c5faace022cdc9) Importer(815301076,1909f56bfc062723c751e8b465ee728b)  -> (artifact id: 'a4a2ec5638231f7d10482ccc605ce8a8') in 0.006795 seconds
  Import took 0.009234 seconds .

========================================================================
Received Import Request.
  Time since last request: 0.000307 seconds.
  path: Assets/Scenes/SampleScene/Lightmap-0_comp_shadowmask.png
  artifactKey: Guid(1b80422728eb3004bbf5391abafeb831) Importer(815301076,1909f56bfc062723c751e8b465ee728b)
Start importing Assets/Scenes/SampleScene/Lightmap-0_comp_shadowmask.png using Guid(1b80422728eb3004bbf5391abafeb831) Importer(815301076,1909f56bfc062723c751e8b465ee728b)  -> (artifact id: '45eb25b3d380e86330a7e2738171b3be') in 0.006756 seconds
  Import took 0.009374 seconds .

========================================================================
Received Import Request.
  Time since last request: 0.000262 seconds.
  path: Assets/TextMesh Pro/Resources/Fonts & Materials/LiberationSans SDF.asset
  artifactKey: Guid(8f586378b4e144a9851e7b34d9b748ee) Importer(815301076,1909f56bfc062723c751e8b465ee728b)
Start importing Assets/TextMesh Pro/Resources/Fonts & Materials/LiberationSans SDF.asset using Guid(8f586378b4e144a9851e7b34d9b748ee) Importer(815301076,1909f56bfc062723c751e8b465ee728b)  -> (artifact id: 'f1280cc7be10b532b2897fc8654f95d3') in 0.032199 seconds
  Import took 0.034683 seconds .

========================================================================
Received Import Request.
  Time since last request: 0.000244 seconds.
  path: Assets/Scenes/SampleScene/Lightmap-0_comp_light.exr
  artifactKey: Guid(0ae22b0e98aeb234fab4afccd47a9c65) Importer(815301076,1909f56bfc062723c751e8b465ee728b)
Start importing Assets/Scenes/SampleScene/Lightmap-0_comp_light.exr using Guid(0ae22b0e98aeb234fab4afccd47a9c65) Importer(815301076,1909f56bfc062723c751e8b465ee728b)  -> (artifact id: 'b12a4c0b14dc62a5531f97d28cbe173f') in 0.006093 seconds
  Import took 0.008515 seconds .

========================================================================
Received Import Request.
  Time since last request: 0.000277 seconds.
  path: Assets/Scenes/SampleScene/Lightmap-1_comp_light.exr
  artifactKey: Guid(9114b59c27a0f2849bed697a9c0af3a2) Importer(815301076,1909f56bfc062723c751e8b465ee728b)
Start importing Assets/Scenes/SampleScene/Lightmap-1_comp_light.exr using Guid(9114b59c27a0f2849bed697a9c0af3a2) Importer(815301076,1909f56bfc062723c751e8b465ee728b)  -> (artifact id: '3dcf503b05a104e9d830ab2f7acfa7c0') in 0.018264 seconds
  Import took 0.020728 seconds .

========================================================================
Received Import Request.
  Time since last request: 0.000325 seconds.
  path: Assets/TextMesh Pro/Sprites/EmojiOne.png
  artifactKey: Guid(dffef66376be4fa480fb02b19edbe903) Importer(815301076,1909f56bfc062723c751e8b465ee728b)
Start importing Assets/TextMesh Pro/Sprites/EmojiOne.png using Guid(dffef66376be4fa480fb02b19edbe903) Importer(815301076,1909f56bfc062723c751e8b465ee728b)  -> (artifact id: '461de82cd83b6ace2f2bb42f6d30c826') in 0.010603 seconds
  Import took 0.013213 seconds .

========================================================================
Received Import Request.
  Time since last request: 0.000180 seconds.
  path: Assets/StarterAssets/Environment/Art/Textures/Grid_01_Emissive.png
  artifactKey: Guid(d4d6919451fe3e24388816386a6d15a4) Importer(815301076,1909f56bfc062723c751e8b465ee728b)
Start importing Assets/StarterAssets/Environment/Art/Textures/Grid_01_Emissive.png using Guid(d4d6919451fe3e24388816386a6d15a4) Importer(815301076,1909f56bfc062723c751e8b465ee728b)  -> (artifact id: '7bd6412fd58713c534ca9fee65d9a55c') in 0.006457 seconds
  Import took 0.008991 seconds .

========================================================================
Received Import Request.
  Time since last request: 0.000235 seconds.
  path: Assets/StarterAssets/Environment/Art/Textures/Grid_01_BaseMap.png
  artifactKey: Guid(d1118dda59970a2449ee890fa247c4c5) Importer(815301076,1909f56bfc062723c751e8b465ee728b)
Start importing Assets/StarterAssets/Environment/Art/Textures/Grid_01_BaseMap.png using Guid(d1118dda59970a2449ee890fa247c4c5) Importer(815301076,1909f56bfc062723c751e8b465ee728b)  -> (artifact id: '2e98e4be64e02299ed0ae8fba2c2d784') in 0.006908 seconds
  Import took 0.009482 seconds .

========================================================================
Received Import Request.
  Time since last request: 0.000311 seconds.
  path: Assets/StarterAssets/Environment/Art/Textures/Grid_02_BaseMap.png
  artifactKey: Guid(d9c0dd5cdac07b145be73329e489869a) Importer(815301076,1909f56bfc062723c751e8b465ee728b)
Start importing Assets/StarterAssets/Environment/Art/Textures/Grid_02_BaseMap.png using Guid(d9c0dd5cdac07b145be73329e489869a) Importer(815301076,1909f56bfc062723c751e8b465ee728b)  -> (artifact id: '66ce442f40fa37d1b5f5217c9a4cd4dd') in 0.006627 seconds
  Import took 0.009355 seconds .

========================================================================
Received Import Request.
  Time since last request: 0.000243 seconds.
  path: Assets/StarterAssets/Environment/Art/Textures/Grid_01_Emissive.png
  artifactKey: Guid(d4d6919451fe3e24388816386a6d15a4) Importer(815301076,1909f56bfc062723c751e8b465ee728b)
Start importing Assets/StarterAssets/Environment/Art/Textures/Grid_01_Emissive.png using Guid(d4d6919451fe3e24388816386a6d15a4) Importer(815301076,1909f56bfc062723c751e8b465ee728b)  -> (artifact id: '7bd6412fd58713c534ca9fee65d9a55c') in 0.006181 seconds
  Import took 0.009169 seconds .

========================================================================
Received Import Request.
  Time since last request: 0.000208 seconds.
  path: Assets/StarterAssets/Environment/Art/Textures/Grid_01_Normal.png
  artifactKey: Guid(c5c221ed57a3bf6488f8eba0db28a004) Importer(815301076,1909f56bfc062723c751e8b465ee728b)
Start importing Assets/StarterAssets/Environment/Art/Textures/Grid_01_Normal.png using Guid(c5c221ed57a3bf6488f8eba0db28a004) Importer(815301076,1909f56bfc062723c751e8b465ee728b)  -> (artifact id: 'd53ec1822c00db1c4d2c3c636011a9dc') in 0.008843 seconds
  Import took 0.011462 seconds .

========================================================================
Received Import Request.
  Time since last request: 0.000324 seconds.
  path: Assets/Scenes/SampleScene/Lightmap-1_comp_dir.png
  artifactKey: Guid(8a81f077b97a87f48830bdd76713946c) Importer(815301076,1909f56bfc062723c751e8b465ee728b)
Start importing Assets/Scenes/SampleScene/Lightmap-1_comp_dir.png using Guid(8a81f077b97a87f48830bdd76713946c) Importer(815301076,1909f56bfc062723c751e8b465ee728b)  -> (artifact id: '856f688a12d95cff6dbf9dde51ca696b') in 0.007688 seconds
  Import took 0.010389 seconds .

========================================================================
Received Import Request.
  Time since last request: 110.370988 seconds.
  path: Assets/Scenes/SampleScene 1.unity
  artifactKey: Guid(ec693a53c6514cb4bb817c19493edc53) Importer(815301076,1909f56bfc062723c751e8b465ee728b)
Start importing Assets/Scenes/SampleScene 1.unity using Guid(ec693a53c6514cb4bb817c19493edc53) Importer(815301076,1909f56bfc062723c751e8b465ee728b)  -> (artifact id: '01b2a7cc56e3d3de7cbfd750f6d0df76') in 0.002412 seconds
  Import took 0.005329 seconds .

========================================================================
Received Import Request.
  Time since last request: 3.262488 seconds.
  path: Assets/Scenes/New Scene.unity
  artifactKey: Guid(fb20893c200d98345870dd7a10893141) Importer(815301076,1909f56bfc062723c751e8b465ee728b)
Start importing Assets/Scenes/New Scene.unity using Guid(fb20893c200d98345870dd7a10893141) Importer(815301076,1909f56bfc062723c751e8b465ee728b)  -> (artifact id: 'f7244ea3ee51f4665c523d65638747b6') in 0.002369 seconds
  Import took 0.005325 seconds .

========================================================================
Received Import Request.
  Time since last request: 185.625623 seconds.
  path: Assets/Scenes/SampleScene_Profiles/System Profile.asset
  artifactKey: Guid(1f61e6f73e7ccef4abece22e568c627d) Importer(815301076,1909f56bfc062723c751e8b465ee728b)
Start importing Assets/Scenes/SampleScene_Profiles/System Profile.asset using Guid(1f61e6f73e7ccef4abece22e568c627d) Importer(815301076,1909f56bfc062723c751e8b465ee728b)  -> (artifact id: 'dee4f344bad63ecbe09cbe5cffd8a0f3') in 0.012894 seconds
  Import took 0.016064 seconds .

========================================================================
Received Import Request.
  Time since last request: 2.247200 seconds.
  path: Assets/Scenes/SampleScene 1_Profiles/System Profile.asset
  artifactKey: Guid(fbf84f1b0e153d04fa2b04be0b08a804) Importer(815301076,1909f56bfc062723c751e8b465ee728b)
Start importing Assets/Scenes/SampleScene 1_Profiles/System Profile.asset using Guid(fbf84f1b0e153d04fa2b04be0b08a804) Importer(815301076,1909f56bfc062723c751e8b465ee728b)  -> (artifact id: 'f8eda1ba736282ed51e39f03a1994574') in 0.002610 seconds
  Import took 0.005151 seconds .

========================================================================
Received Import Request.
  Time since last request: 0.732534 seconds.
  path: Assets/Scenes/SampleScene/LightingData.asset
  artifactKey: Guid(5d8d08c81a44cd04fa1eed74f9be18f5) Importer(815301076,1909f56bfc062723c751e8b465ee728b)
Start importing Assets/Scenes/SampleScene/LightingData.asset using Guid(5d8d08c81a44cd04fa1eed74f9be18f5) Importer(815301076,1909f56bfc062723c751e8b465ee728b)  -> (artifact id: 'c1cef715a95d38041e02208dfe0e51a4') in 0.004109 seconds
  Import took 0.006929 seconds .

========================================================================
Received Import Request.
  Time since last request: 0.000234 seconds.
  path: Assets/Scenes/SampleScene/Volume Profile.asset
  artifactKey: Guid(098acb2c8a2a65944a70d6d2e4e23055) Importer(815301076,1909f56bfc062723c751e8b465ee728b)
Start importing Assets/Scenes/SampleScene/Volume Profile.asset using Guid(098acb2c8a2a65944a70d6d2e4e23055) Importer(815301076,1909f56bfc062723c751e8b465ee728b)  -> (artifact id: 'a359514c251d1ba1bbbd10340cab1462') in 0.002847 seconds
  Import took 0.005383 seconds .

========================================================================
Received Import Request.
  Time since last request: 0.000178 seconds.
  path: Assets/Scenes/SampleScene/LightingData.asset
  artifactKey: Guid(5d8d08c81a44cd04fa1eed74f9be18f5) Importer(815301076,1909f56bfc062723c751e8b465ee728b)
Start importing Assets/Scenes/SampleScene/LightingData.asset using Guid(5d8d08c81a44cd04fa1eed74f9be18f5) Importer(815301076,1909f56bfc062723c751e8b465ee728b)  -> (artifact id: 'c1cef715a95d38041e02208dfe0e51a4') in 0.002551 seconds
  Import took 0.004881 seconds .

========================================================================
Received Import Request.
  Time since last request: 0.100181 seconds.
  path: Assets/Scenes/SampleScene/Volume Profile.asset
  artifactKey: Guid(098acb2c8a2a65944a70d6d2e4e23055) Importer(815301076,1909f56bfc062723c751e8b465ee728b)
Start importing Assets/Scenes/SampleScene/Volume Profile.asset using Guid(098acb2c8a2a65944a70d6d2e4e23055) Importer(815301076,1909f56bfc062723c751e8b465ee728b)  -> (artifact id: 'a359514c251d1ba1bbbd10340cab1462') in 0.002620 seconds
  Import took 0.005416 seconds .

========================================================================
Received Import Request.
  Time since last request: 184.340620 seconds.
  path: Assets/Scenes/SampleScene 1/LightingData.asset
  artifactKey: Guid(412f2e123f1144840a5dbaf21441a824) Importer(815301076,1909f56bfc062723c751e8b465ee728b)
Start importing Assets/Scenes/SampleScene 1/LightingData.asset using Guid(412f2e123f1144840a5dbaf21441a824) Importer(815301076,1909f56bfc062723c751e8b465ee728b)  -> (artifact id: '318d0075b1306625f6da980c354d78a6') in 0.003249 seconds
  Import took 0.006935 seconds .

========================================================================
Received Import Request.
  Time since last request: 0.000243 seconds.
  path: Assets/Scenes/SampleScene 1/Lightmap-1_comp_dir.png
  artifactKey: Guid(6d2fd8c76b4efeb40b963b046e016344) Importer(815301076,1909f56bfc062723c751e8b465ee728b)
Start importing Assets/Scenes/SampleScene 1/Lightmap-1_comp_dir.png using Guid(6d2fd8c76b4efeb40b963b046e016344) Importer(815301076,1909f56bfc062723c751e8b465ee728b)  -> (artifact id: 'a6a24d2faa1619f5aa48360c07bbb4da') in 0.007570 seconds
  Import took 0.010119 seconds .

========================================================================
Received Import Request.
  Time since last request: 0.000291 seconds.
  path: Assets/Scenes/SampleScene 1/Lightmap-0_comp_light.exr
  artifactKey: Guid(c0f99c695c223024eb251f057ca23602) Importer(815301076,1909f56bfc062723c751e8b465ee728b)
Start importing Assets/Scenes/SampleScene 1/Lightmap-0_comp_light.exr using Guid(c0f99c695c223024eb251f057ca23602) Importer(815301076,1909f56bfc062723c751e8b465ee728b)  -> (artifact id: '8bf302b7f76f15b5e49d74c78b757758') in 0.006387 seconds
  Import took 0.008852 seconds .

========================================================================
Received Import Request.
  Time since last request: 0.000269 seconds.
  path: Assets/Scenes/SampleScene 1/Lightmap-2_comp_dir.png
  artifactKey: Guid(cd7c288138e5e564caccad31bde3ac68) Importer(815301076,1909f56bfc062723c751e8b465ee728b)
Start importing Assets/Scenes/SampleScene 1/Lightmap-2_comp_dir.png using Guid(cd7c288138e5e564caccad31bde3ac68) Importer(815301076,1909f56bfc062723c751e8b465ee728b)  -> (artifact id: '44b7ebdd0fa5b6940fe770b7ccccfbba') in 0.006070 seconds
  Import took 0.008718 seconds .

========================================================================
Received Import Request.
  Time since last request: 0.000316 seconds.
  path: Assets/Scenes/SampleScene 1/Lightmap-2_comp_light.exr
  artifactKey: Guid(8426f894ec1cb3647baa4dad715aa9a9) Importer(815301076,1909f56bfc062723c751e8b465ee728b)
Start importing Assets/Scenes/SampleScene 1/Lightmap-2_comp_light.exr using Guid(8426f894ec1cb3647baa4dad715aa9a9) Importer(815301076,1909f56bfc062723c751e8b465ee728b)  -> (artifact id: 'beb8d4f2ae09f43666ac4cb640bed24c') in 0.005158 seconds
  Import took 0.007570 seconds .

========================================================================
Received Import Request.
  Time since last request: 0.000293 seconds.
  path: Assets/Scenes/SampleScene 1/Lightmap-0_comp_shadowmask.png
  artifactKey: Guid(d9d12d3b29ddebd488dab3a1e8780522) Importer(815301076,1909f56bfc062723c751e8b465ee728b)
Start importing Assets/Scenes/SampleScene 1/Lightmap-0_comp_shadowmask.png using Guid(d9d12d3b29ddebd488dab3a1e8780522) Importer(815301076,1909f56bfc062723c751e8b465ee728b)  -> (artifact id: '7c3850a87fc8f1c11c14781d56f1ac45') in 0.006398 seconds
  Import took 0.008703 seconds .

========================================================================
Received Import Request.
  Time since last request: 0.000229 seconds.
  path: Assets/Scenes/SampleScene 1/Lightmap-2_comp_shadowmask.png
  artifactKey: Guid(a324a879261ab3d429bd24e01fc9fd90) Importer(815301076,1909f56bfc062723c751e8b465ee728b)
Start importing Assets/Scenes/SampleScene 1/Lightmap-2_comp_shadowmask.png using Guid(a324a879261ab3d429bd24e01fc9fd90) Importer(815301076,1909f56bfc062723c751e8b465ee728b)  -> (artifact id: '2b006b3c02a3d210cfaa28dfe96ea8ff') in 0.006119 seconds
  Import took 0.008448 seconds .

========================================================================
Received Import Request.
  Time since last request: 0.000241 seconds.
  path: Assets/Scenes/SampleScene 1/Lightmap-1_comp_light.exr
  artifactKey: Guid(498dde4f4e978424ca70f736fb187f4c) Importer(815301076,1909f56bfc062723c751e8b465ee728b)
Start importing Assets/Scenes/SampleScene 1/Lightmap-1_comp_light.exr using Guid(498dde4f4e978424ca70f736fb187f4c) Importer(815301076,1909f56bfc062723c751e8b465ee728b)  -> (artifact id: 'b26329d86a558f40c31c640d8b8bb1f7') in 0.005740 seconds
  Import took 0.008037 seconds .

========================================================================
Received Import Request.
  Time since last request: 0.000265 seconds.
  path: Assets/Scenes/SampleScene 1/Lightmap-1_comp_shadowmask.png
  artifactKey: Guid(5e026535a651e9f44a074433769ff752) Importer(815301076,1909f56bfc062723c751e8b465ee728b)
Start importing Assets/Scenes/SampleScene 1/Lightmap-1_comp_shadowmask.png using Guid(5e026535a651e9f44a074433769ff752) Importer(815301076,1909f56bfc062723c751e8b465ee728b)  -> (artifact id: '7f5035d649ada44dee2c6056d307ff98') in 0.005733 seconds
  Import took 0.008001 seconds .

========================================================================
Received Import Request.
  Time since last request: 0.000269 seconds.
  path: Assets/Scenes/SampleScene 1/Lightmap-0_comp_dir.png
  artifactKey: Guid(5c8d2d3ebac19e749bd44cc08f941444) Importer(815301076,1909f56bfc062723c751e8b465ee728b)
Start importing Assets/Scenes/SampleScene 1/Lightmap-0_comp_dir.png using Guid(5c8d2d3ebac19e749bd44cc08f941444) Importer(815301076,1909f56bfc062723c751e8b465ee728b)  -> (artifact id: '4b2f700eaecbf2988ee304d9750e2b01') in 0.006160 seconds
  Import took 0.008416 seconds .

========================================================================
Received Import Request.
  Time since last request: 519.918345 seconds.
  path: Assets/StarterAssets/Environment/Art/Models/Stairs_650_400_300_Mesh.fbx
  artifactKey: Guid(7e0223e1d3e1733499accfa5ebffb67e) Importer(815301076,1909f56bfc062723c751e8b465ee728b)
Start importing Assets/StarterAssets/Environment/Art/Models/Stairs_650_400_300_Mesh.fbx using Guid(7e0223e1d3e1733499accfa5ebffb67e) Importer(815301076,1909f56bfc062723c751e8b465ee728b)  -> (artifact id: 'd0e9ac5e25fb8b5457a776c2113df2bd') in 0.137458 seconds
  Import took 0.141228 seconds .

========================================================================
Received Import Request.
  Time since last request: 0.000231 seconds.
  path: Assets/StarterAssets/Environment/Art/Materials/GridWhite_01_Mat.mat
  artifactKey: Guid(dbf898c9f9c4a2d46aa6336e23caeb61) Importer(815301076,1909f56bfc062723c751e8b465ee728b)
Start importing Assets/StarterAssets/Environment/Art/Materials/GridWhite_01_Mat.mat using Guid(dbf898c9f9c4a2d46aa6336e23caeb61) Importer(815301076,1909f56bfc062723c751e8b465ee728b)  -> (artifact id: '15f566ae9d5ac15be41980936f0487ee') in 0.182897 seconds
  Import took 0.185638 seconds .

========================================================================
Received Import Request.
  Time since last request: 0.000231 seconds.
  path: Assets/StarterAssets/Environment/Art/Models/Wall_Mesh.fbx
  artifactKey: Guid(ff02a0a00ab750f48b09459b1cafd1b8) Importer(815301076,1909f56bfc062723c751e8b465ee728b)
Start importing Assets/StarterAssets/Environment/Art/Models/Wall_Mesh.fbx using Guid(ff02a0a00ab750f48b09459b1cafd1b8) Importer(815301076,1909f56bfc062723c751e8b465ee728b)  -> (artifact id: '718b29a871c791bce1497faf8f3dc1b0') in 0.015086 seconds
  Import took 0.018119 seconds .

========================================================================
Received Import Request.
  Time since last request: 0.000193 seconds.
  path: Assets/StarterAssets/Environment/Art/Materials/GridOrange_01_Mat.mat
  artifactKey: Guid(7ab977a21c92388468ee65ad1c0e5a78) Importer(815301076,1909f56bfc062723c751e8b465ee728b)
Start importing Assets/StarterAssets/Environment/Art/Materials/GridOrange_01_Mat.mat using Guid(7ab977a21c92388468ee65ad1c0e5a78) Importer(815301076,1909f56bfc062723c751e8b465ee728b)  -> (artifact id: '84a7c5628ea112de5b71d27a71f931b3') in 0.013186 seconds
  Import took 0.015801 seconds .

========================================================================
Received Import Request.
  Time since last request: 0.000174 seconds.
  path: Assets/TextMesh Pro/Resources/Fonts & Materials/LiberationSans SDF - Outline.mat
  artifactKey: Guid(79459efec17a4d00a321bdcc27bbc385) Importer(815301076,1909f56bfc062723c751e8b465ee728b)
Start importing Assets/TextMesh Pro/Resources/Fonts & Materials/LiberationSans SDF - Outline.mat using Guid(79459efec17a4d00a321bdcc27bbc385) Importer(815301076,1909f56bfc062723c751e8b465ee728b)  -> (artifact id: '289988fcecf3b00d1602f8d2b589f7dd') in 0.062232 seconds
  Import took 0.064693 seconds .

========================================================================
Received Import Request.
  Time since last request: 0.000194 seconds.
  path: Assets/StarterAssets/Environment/Art/Models/Tunnel_Mesh.fbx
  artifactKey: Guid(f712806514868e54699156ec05dcb749) Importer(815301076,1909f56bfc062723c751e8b465ee728b)
Start importing Assets/StarterAssets/Environment/Art/Models/Tunnel_Mesh.fbx using Guid(f712806514868e54699156ec05dcb749) Importer(815301076,1909f56bfc062723c751e8b465ee728b)  -> (artifact id: 'a38a256e4093b5e2fa57038d5f8b9c08') in 0.013794 seconds
  Import took 0.016174 seconds .

========================================================================
Received Import Request.
  Time since last request: 0.000246 seconds.
  path: Assets/StarterAssets/Environment/Art/Materials/GridBlue_01_Mat.mat
  artifactKey: Guid(ff188f58422043f489060e28a5e4e0c0) Importer(815301076,1909f56bfc062723c751e8b465ee728b)
Start importing Assets/StarterAssets/Environment/Art/Materials/GridBlue_01_Mat.mat using Guid(ff188f58422043f489060e28a5e4e0c0) Importer(815301076,1909f56bfc062723c751e8b465ee728b)  -> (artifact id: '897ea3269f048ae5dd8fda1cbe3d46da') in 0.095629 seconds
  Import took 0.098054 seconds .

========================================================================
Received Import Request.
  Time since last request: 0.000213 seconds.
  path: Assets/Materials/Door.mat
  artifactKey: Guid(3eac032a7c9550248be3b9a71e8d2d3f) Importer(815301076,1909f56bfc062723c751e8b465ee728b)
Start importing Assets/Materials/Door.mat using Guid(3eac032a7c9550248be3b9a71e8d2d3f) Importer(815301076,1909f56bfc062723c751e8b465ee728b)  -> (artifact id: '620dfaa4c4562ab7ca3b5090de66b4ef') in 0.008627 seconds
  Import took 0.011262 seconds .

========================================================================
Received Import Request.
  Time since last request: 0.000278 seconds.
  path: Assets/Materials/Button.mat
  artifactKey: Guid(4a922861ccab56f44942e4d061b55fc1) Importer(815301076,1909f56bfc062723c751e8b465ee728b)
Start importing Assets/Materials/Button.mat using Guid(4a922861ccab56f44942e4d061b55fc1) Importer(815301076,1909f56bfc062723c751e8b465ee728b)  -> (artifact id: 'aba6e37abad9cc3dc93d0c331a0c6034') in 0.016724 seconds
  Import took 0.019172 seconds .

========================================================================
Received Import Request.
  Time since last request: 0.000293 seconds.
  path: Assets/StarterAssets/Environment/Art/Models/Box_350x250x200_Mesh.fbx
  artifactKey: Guid(c6a55ba99e9e99d41b7eef123e311a43) Importer(815301076,1909f56bfc062723c751e8b465ee728b)
Start importing Assets/StarterAssets/Environment/Art/Models/Box_350x250x200_Mesh.fbx using Guid(c6a55ba99e9e99d41b7eef123e311a43) Importer(815301076,1909f56bfc062723c751e8b465ee728b)  -> (artifact id: '97fdcef659932f0037483476e4a84857') in 0.023089 seconds
  Import took 0.025749 seconds .

========================================================================
Received Import Request.
  Time since last request: 0.000267 seconds.
  path: Assets/StarterAssets/Environment/Art/Models/Box_350x250x300_Mesh.fbx
  artifactKey: Guid(d2f0da3998423f44594868ffed55c3e6) Importer(815301076,1909f56bfc062723c751e8b465ee728b)
Start importing Assets/StarterAssets/Environment/Art/Models/Box_350x250x300_Mesh.fbx using Guid(d2f0da3998423f44594868ffed55c3e6) Importer(815301076,1909f56bfc062723c751e8b465ee728b)  -> (artifact id: '3cef72fc39d7c7d44dfcf4e67fc64d56') in 0.012768 seconds
  Import took 0.015286 seconds .

========================================================================
Received Import Request.
  Time since last request: 0.000259 seconds.
  path: Assets/StarterAssets/Environment/Art/Materials/GreyBlue_Mat.mat
  artifactKey: Guid(6b911390c5825014e8377183a7837d3f) Importer(815301076,1909f56bfc062723c751e8b465ee728b)
Start importing Assets/StarterAssets/Environment/Art/Materials/GreyBlue_Mat.mat using Guid(6b911390c5825014e8377183a7837d3f) Importer(815301076,1909f56bfc062723c751e8b465ee728b)  -> (artifact id: '12e2a2cdd19d64c763c00d30394a832d') in 0.013445 seconds
  Import took 0.015956 seconds .

========================================================================
Received Import Request.
  Time since last request: 0.000289 seconds.
  path: Assets/StarterAssets/Environment/Art/Models/Ramp_Mesh.fbx
  artifactKey: Guid(426a2785f8a940049aac2c246661cf09) Importer(815301076,1909f56bfc062723c751e8b465ee728b)
Start importing Assets/StarterAssets/Environment/Art/Models/Ramp_Mesh.fbx using Guid(426a2785f8a940049aac2c246661cf09) Importer(815301076,1909f56bfc062723c751e8b465ee728b)  -> (artifact id: 'eef365d590a39d63f4ea7ebc0141d890') in 0.013326 seconds
  Import took 0.015758 seconds .

========================================================================
Received Import Request.
  Time since last request: 0.000301 seconds.
  path: Assets/TextMesh Pro/Fonts/LiberationSans.ttf
  artifactKey: Guid(e3265ab4bf004d28a9537516768c1c75) Importer(815301076,1909f56bfc062723c751e8b465ee728b)
Start importing Assets/TextMesh Pro/Fonts/LiberationSans.ttf using Guid(e3265ab4bf004d28a9537516768c1c75) Importer(815301076,1909f56bfc062723c751e8b465ee728b)  -> (artifact id: '1545d9d30191816af9288526690ca05f') in 0.016952 seconds
  Import took 0.019488 seconds .

========================================================================
Received Import Request.
  Time since last request: 0.000222 seconds.
  path: Assets/TextMesh Pro/Resources/Fonts & Materials/LiberationSans SDF - Drop Shadow.mat
  artifactKey: Guid(e73a58f6e2794ae7b1b7e50b7fb811b0) Importer(815301076,1909f56bfc062723c751e8b465ee728b)
Start importing Assets/TextMesh Pro/Resources/Fonts & Materials/LiberationSans SDF - Drop Shadow.mat using Guid(e73a58f6e2794ae7b1b7e50b7fb811b0) Importer(815301076,1909f56bfc062723c751e8b465ee728b)  -> (artifact id: 'ca0d2861f60500f05bd29199894f7bb5') in 0.061385 seconds
  Import took 0.063920 seconds .

========================================================================
Received Import Request.
  Time since last request: 0.000216 seconds.
  path: Assets/StarterAssets/Environment/Art/Models/Stairs_200x100x200_Mesh.fbx
  artifactKey: Guid(fce3bf5a5b603db45ab0048fb6ab44df) Importer(815301076,1909f56bfc062723c751e8b465ee728b)
Start importing Assets/StarterAssets/Environment/Art/Models/Stairs_200x100x200_Mesh.fbx using Guid(fce3bf5a5b603db45ab0048fb6ab44df) Importer(815301076,1909f56bfc062723c751e8b465ee728b)  -> (artifact id: '38db7e37dc852713501a3d40aff73d14') in 0.020563 seconds
  Import took 0.023001 seconds .

========================================================================
Received Import Request.
  Time since last request: 0.000306 seconds.
  path: Assets/StarterAssets/Environment/Art/Skybox/SkyboxLiteWarm.mat
  artifactKey: Guid(aeab33f69c199e54794f516d31450ec4) Importer(815301076,1909f56bfc062723c751e8b465ee728b)
Start importing Assets/StarterAssets/Environment/Art/Skybox/SkyboxLiteWarm.mat using Guid(aeab33f69c199e54794f516d31450ec4) Importer(815301076,1909f56bfc062723c751e8b465ee728b)  -> (artifact id: '42ec10c280250b776ef8cd8cc16042f3') in 0.074290 seconds
  Import took 0.076670 seconds .

========================================================================
Received Import Request.
  Time since last request: 0.000280 seconds.
  path: Assets/StarterAssets/Environment/Art/Materials/URP_HDRP_ShaderGraph/ShaderGraphGrid_01_Mat.mat
  artifactKey: Guid(4589b87b8508f6e48b8fddb385924b16) Importer(815301076,1909f56bfc062723c751e8b465ee728b)
Start importing Assets/StarterAssets/Environment/Art/Materials/URP_HDRP_ShaderGraph/ShaderGraphGrid_01_Mat.mat using Guid(4589b87b8508f6e48b8fddb385924b16) Importer(815301076,1909f56bfc062723c751e8b465ee728b)  -> (artifact id: '24e703ea32e6c57bd688d01d6cc461cf') in 0.006595 seconds
  Import took 0.009048 seconds .

========================================================================
Received Import Request.
  Time since last request: 0.000258 seconds.
  path: Assets/StarterAssets/Environment/Art/Skybox/SkyboxLite.mat
  artifactKey: Guid(f6c51332ac7d92541a38fb263b09d2a8) Importer(815301076,1909f56bfc062723c751e8b465ee728b)
Start importing Assets/StarterAssets/Environment/Art/Skybox/SkyboxLite.mat using Guid(f6c51332ac7d92541a38fb263b09d2a8) Importer(815301076,1909f56bfc062723c751e8b465ee728b)  -> (artifact id: '483e1e707a263429d81e7ad10451907b') in 0.006882 seconds
  Import took 0.009652 seconds .

========================================================================
Received Import Request.
  Time since last request: 0.000259 seconds.
  path: Assets/StarterAssets/Environment/Art/Materials/Blue_Mat.mat
  artifactKey: Guid(979aef027a1c86c42a15ce35fce366fa) Importer(815301076,1909f56bfc062723c751e8b465ee728b)
Start importing Assets/StarterAssets/Environment/Art/Materials/Blue_Mat.mat using Guid(979aef027a1c86c42a15ce35fce366fa) Importer(815301076,1909f56bfc062723c751e8b465ee728b)  -> (artifact id: '12cc0a22af1f3b7a3ae25c7761732e6e') in 0.007102 seconds
  Import took 0.009723 seconds .

========================================================================
Received Import Request.
  Time since last request: 0.000235 seconds.
  path: Assets/Materials/Floor.mat
  artifactKey: Guid(5363fe0e03582c24ca4c25b224345479) Importer(815301076,1909f56bfc062723c751e8b465ee728b)
Start importing Assets/Materials/Floor.mat using Guid(5363fe0e03582c24ca4c25b224345479) Importer(815301076,1909f56bfc062723c751e8b465ee728b)  -> (artifact id: '26e10a6e763b5d8a80ce3490c1239315') in 0.008259 seconds
  Import took 0.010860 seconds .

========================================================================
Received Import Request.
  Time since last request: 0.000230 seconds.
  path: Assets/StarterAssets/Environment/Art/Materials/Builtin_RP/BuiltInTriplanar_01_Mat.mat
  artifactKey: Guid(3300a5c4710bac244815734e484b3b90) Importer(815301076,1909f56bfc062723c751e8b465ee728b)
Start importing Assets/StarterAssets/Environment/Art/Materials/Builtin_RP/BuiltInTriplanar_01_Mat.mat using Guid(3300a5c4710bac244815734e484b3b90) Importer(815301076,1909f56bfc062723c751e8b465ee728b)  -> (artifact id: '668c5f0b52180bd921c51964265957b2') in 0.203689 seconds
  Import took 0.206324 seconds .

========================================================================
Received Import Request.
  Time since last request: 0.000218 seconds.
  path: Assets/StarterAssets/Environment/Art/Models/Ground_Mesh.fbx
  artifactKey: Guid(aa38d7b0e367ecc4aac915dcfe957879) Importer(815301076,1909f56bfc062723c751e8b465ee728b)
Start importing Assets/StarterAssets/Environment/Art/Models/Ground_Mesh.fbx using Guid(aa38d7b0e367ecc4aac915dcfe957879) Importer(815301076,1909f56bfc062723c751e8b465ee728b)  -> (artifact id: 'd257240f33719b04165bc8e98212062c') in 0.015003 seconds
  Import took 0.017844 seconds .

========================================================================
Received Import Request.
  Time since last request: 0.000187 seconds.
  path: Assets/Materials/Wall.mat
  artifactKey: Guid(5866839bf4ff0d24491ec0cdd1239210) Importer(815301076,1909f56bfc062723c751e8b465ee728b)
Start importing Assets/Materials/Wall.mat using Guid(5866839bf4ff0d24491ec0cdd1239210) Importer(815301076,1909f56bfc062723c751e8b465ee728b)  -> (artifact id: 'a105d467e931dbbd76936e125a481e79') in 0.010686 seconds
  Import took 0.013267 seconds .

========================================================================
Received Import Request.
  Time since last request: 0.000239 seconds.
  path: Assets/StarterAssets/Environment/Art/Models/Ramp_100x100x200_Mesh.fbx
  artifactKey: Guid(bfff06aaff363a847ad37bf592364e6b) Importer(815301076,1909f56bfc062723c751e8b465ee728b)
Start importing Assets/StarterAssets/Environment/Art/Models/Ramp_100x100x200_Mesh.fbx using Guid(bfff06aaff363a847ad37bf592364e6b) Importer(815301076,1909f56bfc062723c751e8b465ee728b)  -> (artifact id: '8b098de8ee2a06e28e10bf2e6945cab1') in 0.014541 seconds
  Import took 0.017196 seconds .

========================================================================
Received Import Request.
  Time since last request: 0.000202 seconds.
  path: Assets/StarterAssets/Environment/Art/Models/Ground_Mesh.fbx
  artifactKey: Guid(aa38d7b0e367ecc4aac915dcfe957879) Importer(815301076,1909f56bfc062723c751e8b465ee728b)
Start importing Assets/StarterAssets/Environment/Art/Models/Ground_Mesh.fbx using Guid(aa38d7b0e367ecc4aac915dcfe957879) Importer(815301076,1909f56bfc062723c751e8b465ee728b)  -> (artifact id: 'd257240f33719b04165bc8e98212062c') in 0.012073 seconds
  Import took 0.014679 seconds .

========================================================================
Received Import Request.
  Time since last request: 0.000245 seconds.
  path: Assets/StarterAssets/Environment/Art/Models/Structure_Mesh.fbx
  artifactKey: Guid(d0a9bfb4b5f28174884e89dd76563ae8) Importer(815301076,1909f56bfc062723c751e8b465ee728b)
Start importing Assets/StarterAssets/Environment/Art/Models/Structure_Mesh.fbx using Guid(d0a9bfb4b5f28174884e89dd76563ae8) Importer(815301076,1909f56bfc062723c751e8b465ee728b)  -> (artifact id: 'efe728441f8bc159b90b78c102fdf9fc') in 0.013306 seconds
  Import took 0.015866 seconds .

========================================================================
Received Import Request.
  Time since last request: 0.092453 seconds.
  path: Assets/StarterAssets/Environment/Art/Models/Structure_Mesh.fbx
  artifactKey: Guid(d0a9bfb4b5f28174884e89dd76563ae8) Importer(815301076,1909f56bfc062723c751e8b465ee728b)
Start importing Assets/StarterAssets/Environment/Art/Models/Structure_Mesh.fbx using Guid(d0a9bfb4b5f28174884e89dd76563ae8) Importer(815301076,1909f56bfc062723c751e8b465ee728b)  -> (artifact id: 'efe728441f8bc159b90b78c102fdf9fc') in 0.014017 seconds
  Import took 0.016787 seconds .

========================================================================
Received Prepare
Registering precompiled user dll's ...
Registered in 0.001930 seconds.
Begin MonoManager ReloadAssembly
Native extension for WindowsStandalone target not found
Refreshing native plugins compatible for Editor in 0.32 ms, found 0 plugins.
Preloading 0 native plugins for Editor in 0.00 ms.
Mono: successfully reloaded assembly
- Completed reload, in  0.881 seconds
Platform modules already initialized, skipping
Refreshing native plugins compatible for Editor in 0.39 ms, found 0 plugins.
Preloading 0 native plugins for Editor in 0.00 ms.
Unloading 2023 Unused Serialized files (Serialized files now loaded: 0)
System memory in use before: 99.3 MB.
System memory in use after: 98.7 MB.

Unloading 19 unused Assets to reduce memory usage. Loaded Objects now: 2580.
Total: 2.358900 ms (FindLiveObjects: 0.227400 ms CreateObjectMapping: 0.079300 ms MarkObjects: 1.767400 ms  DeleteObjects: 0.283700 ms)

========================================================================
Received Prepare
Registering precompiled user dll's ...
Registered in 0.001239 seconds.
Begin MonoManager ReloadAssembly
Native extension for WindowsStandalone target not found
Refreshing native plugins compatible for Editor in 0.33 ms, found 0 plugins.
Preloading 0 native plugins for Editor in 0.00 ms.
Mono: successfully reloaded assembly
- Completed reload, in  0.915 seconds
Platform modules already initialized, skipping
Refreshing native plugins compatible for Editor in 0.33 ms, found 0 plugins.
Preloading 0 native plugins for Editor in 0.00 ms.
Unloading 2022 Unused Serialized files (Serialized files now loaded: 0)
System memory in use before: 99.2 MB.
System memory in use after: 98.7 MB.

Unloading 19 unused Assets to reduce memory usage. Loaded Objects now: 2583.
Total: 2.304600 ms (FindLiveObjects: 0.238700 ms CreateObjectMapping: 0.095700 ms MarkObjects: 1.663100 ms  DeleteObjects: 0.306100 ms)

========================================================================
Received Import Request.
  Time since last request: 407.709535 seconds.
  path: Assets/Materials/Button.mat
  artifactKey: Guid(4a922861ccab56f44942e4d061b55fc1) Importer(815301076,1909f56bfc062723c751e8b465ee728b)
Start importing Assets/Materials/Button.mat using Guid(4a922861ccab56f44942e4d061b55fc1) Importer(815301076,1909f56bfc062723c751e8b465ee728b)  -> (artifact id: '793793fd705377136d4e2b7b8594c7a8') in 0.058820 seconds
  Import took 0.061556 seconds .

========================================================================
Received Import Request.
  Time since last request: 198.750500 seconds.
  path: Assets/Scenes/SampleScene 1/LightingData.asset
  artifactKey: Guid(412f2e123f1144840a5dbaf21441a824) Importer(815301076,1909f56bfc062723c751e8b465ee728b)
Start importing Assets/Scenes/SampleScene 1/LightingData.asset using Guid(412f2e123f1144840a5dbaf21441a824) Importer(815301076,1909f56bfc062723c751e8b465ee728b)  -> (artifact id: '6c80ff02161d52290f257fd7db0d0314') in 0.006851 seconds
  Import took 0.010422 seconds .

========================================================================
Received Import Request.
  Time since last request: 0.000292 seconds.
  path: Assets/Scenes/SampleScene 1/Lightmap-1_comp_dir.png
  artifactKey: Guid(6d2fd8c76b4efeb40b963b046e016344) Importer(815301076,1909f56bfc062723c751e8b465ee728b)
Start importing Assets/Scenes/SampleScene 1/Lightmap-1_comp_dir.png using Guid(6d2fd8c76b4efeb40b963b046e016344) Importer(815301076,1909f56bfc062723c751e8b465ee728b)  -> (artifact id: '381c5b93484555b5860fc27fd44fdf44') in 0.011762 seconds
  Import took 0.014087 seconds .

========================================================================
Received Import Request.
  Time since last request: 0.000294 seconds.
  path: Assets/Scenes/SampleScene 1/Lightmap-0_comp_light.exr
  artifactKey: Guid(c0f99c695c223024eb251f057ca23602) Importer(815301076,1909f56bfc062723c751e8b465ee728b)
Start importing Assets/Scenes/SampleScene 1/Lightmap-0_comp_light.exr using Guid(c0f99c695c223024eb251f057ca23602) Importer(815301076,1909f56bfc062723c751e8b465ee728b)  -> (artifact id: '4cb9150301312e95691e0b9ed9ae691b') in 0.007620 seconds
  Import took 0.009946 seconds .

========================================================================
Received Import Request.
  Time since last request: 0.000333 seconds.
  path: Assets/Scenes/SampleScene 1/ReflectionProbe-2.exr
  artifactKey: Guid(4929b0fd199c34b4184f20644323a842) Importer(815301076,1909f56bfc062723c751e8b465ee728b)
Start importing Assets/Scenes/SampleScene 1/ReflectionProbe-2.exr using Guid(4929b0fd199c34b4184f20644323a842) Importer(815301076,1909f56bfc062723c751e8b465ee728b)  -> (artifact id: '6ae638643b1342d66ba4ddab1ae4efee') in 0.012364 seconds
  Import took 0.014741 seconds .

========================================================================
Received Import Request.
  Time since last request: 0.000306 seconds.
  path: Assets/Scenes/SampleScene 1/ReflectionProbe-5.exr
  artifactKey: Guid(0cfacbece3f05f54f9ead39c181bf739) Importer(815301076,1909f56bfc062723c751e8b465ee728b)
Start importing Assets/Scenes/SampleScene 1/ReflectionProbe-5.exr using Guid(0cfacbece3f05f54f9ead39c181bf739) Importer(815301076,1909f56bfc062723c751e8b465ee728b)  -> (artifact id: 'bf79fb354424fca28dc84a2791670ba5') in 0.009798 seconds
  Import took 0.012090 seconds .

========================================================================
Received Import Request.
  Time since last request: 0.000304 seconds.
  path: Assets/Scenes/SampleScene 1/Lightmap-2_comp_dir.png
  artifactKey: Guid(cd7c288138e5e564caccad31bde3ac68) Importer(815301076,1909f56bfc062723c751e8b465ee728b)
Start importing Assets/Scenes/SampleScene 1/Lightmap-2_comp_dir.png using Guid(cd7c288138e5e564caccad31bde3ac68) Importer(815301076,1909f56bfc062723c751e8b465ee728b)  -> (artifact id: '1960fff3d448e3e4cd1cdef081f5f764') in 0.005898 seconds
  Import took 0.008257 seconds .

========================================================================
Received Import Request.
  Time since last request: 0.000276 seconds.
  path: Assets/Scenes/SampleScene 1/ReflectionProbe-3.exr
  artifactKey: Guid(0591d3b5f28e3304fbf416d909cce3cd) Importer(815301076,1909f56bfc062723c751e8b465ee728b)
Start importing Assets/Scenes/SampleScene 1/ReflectionProbe-3.exr using Guid(0591d3b5f28e3304fbf416d909cce3cd) Importer(815301076,1909f56bfc062723c751e8b465ee728b)  -> (artifact id: 'cd39568b649f2714ef4c81619b9038a3') in 0.008659 seconds
  Import took 0.010979 seconds .

========================================================================
Received Import Request.
  Time since last request: 0.000272 seconds.
  path: Assets/Scenes/SampleScene 1/Lightmap-2_comp_light.exr
  artifactKey: Guid(8426f894ec1cb3647baa4dad715aa9a9) Importer(815301076,1909f56bfc062723c751e8b465ee728b)
Start importing Assets/Scenes/SampleScene 1/Lightmap-2_comp_light.exr using Guid(8426f894ec1cb3647baa4dad715aa9a9) Importer(815301076,1909f56bfc062723c751e8b465ee728b)  -> (artifact id: '8d537c09db2f045d857d06866da16dca') in 0.005929 seconds
  Import took 0.008935 seconds .

========================================================================
Received Import Request.
  Time since last request: 0.000264 seconds.
  path: Assets/Scenes/SampleScene 1/ReflectionProbe-1.exr
  artifactKey: Guid(4925e93eea98d9a4cbc0eca3e7a74269) Importer(815301076,1909f56bfc062723c751e8b465ee728b)
Start importing Assets/Scenes/SampleScene 1/ReflectionProbe-1.exr using Guid(4925e93eea98d9a4cbc0eca3e7a74269) Importer(815301076,1909f56bfc062723c751e8b465ee728b)  -> (artifact id: '7e3bd246c12f15bfb60407f3e3e50ee3') in 0.012933 seconds
  Import took 0.016427 seconds .

========================================================================
Received Import Request.
  Time since last request: 0.000266 seconds.
  path: Assets/Scenes/SampleScene 1/Lightmap-1_comp_light.exr
  artifactKey: Guid(498dde4f4e978424ca70f736fb187f4c) Importer(815301076,1909f56bfc062723c751e8b465ee728b)
Start importing Assets/Scenes/SampleScene 1/Lightmap-1_comp_light.exr using Guid(498dde4f4e978424ca70f736fb187f4c) Importer(815301076,1909f56bfc062723c751e8b465ee728b)  -> (artifact id: '3c2215a5a76c087fb2e84687f75b32a3') in 0.005808 seconds
  Import took 0.008068 seconds .

========================================================================
Received Import Request.
  Time since last request: 0.000229 seconds.
  path: Assets/Scenes/SampleScene 1/ReflectionProbe-4.exr
  artifactKey: Guid(d132b67d677689e4a9ba46ff6b8d481a) Importer(815301076,1909f56bfc062723c751e8b465ee728b)
Start importing Assets/Scenes/SampleScene 1/ReflectionProbe-4.exr using Guid(d132b67d677689e4a9ba46ff6b8d481a) Importer(815301076,1909f56bfc062723c751e8b465ee728b)  -> (artifact id: '6da9c329f289a6ac742e2d2b626f2e9b') in 0.008953 seconds
  Import took 0.011326 seconds .

========================================================================
Received Import Request.
  Time since last request: 0.000181 seconds.
  path: Assets/Scenes/SampleScene 1/ReflectionProbe-0.exr
  artifactKey: Guid(18b3f8e5957afd34398e020a06c821ea) Importer(815301076,1909f56bfc062723c751e8b465ee728b)
Start importing Assets/Scenes/SampleScene 1/ReflectionProbe-0.exr using Guid(18b3f8e5957afd34398e020a06c821ea) Importer(815301076,1909f56bfc062723c751e8b465ee728b)  -> (artifact id: '468f47932460039f3f8a11c56f5271d0') in 0.010410 seconds
  Import took 0.012809 seconds .

========================================================================
Received Import Request.
  Time since last request: 0.000195 seconds.
  path: Assets/Scenes/SampleScene 1/Lightmap-0_comp_dir.png
  artifactKey: Guid(5c8d2d3ebac19e749bd44cc08f941444) Importer(815301076,1909f56bfc062723c751e8b465ee728b)
Start importing Assets/Scenes/SampleScene 1/Lightmap-0_comp_dir.png using Guid(5c8d2d3ebac19e749bd44cc08f941444) Importer(815301076,1909f56bfc062723c751e8b465ee728b)  -> (artifact id: 'c10cfc71ee7117d557ba7798b680a5c3') in 0.006321 seconds
  Import took 0.008839 seconds .

========================================================================
Received Import Request.
  Time since last request: 20.463927 seconds.
  path: Assets/Scenes/SampleScene_Profiles/System Profile.asset
  artifactKey: Guid(1f61e6f73e7ccef4abece22e568c627d) Importer(815301076,1909f56bfc062723c751e8b465ee728b)
Start importing Assets/Scenes/SampleScene_Profiles/System Profile.asset using Guid(1f61e6f73e7ccef4abece22e568c627d) Importer(815301076,1909f56bfc062723c751e8b465ee728b)  -> (artifact id: '8b00eae95083a0a08db8168aed96121d') in 0.012345 seconds
  Import took 0.015034 seconds .

========================================================================
Received Import Request.
  Time since last request: 133.982664 seconds.
  path: Assets/Scenes/SampleScene 1/LightingData.asset
  artifactKey: Guid(412f2e123f1144840a5dbaf21441a824) Importer(815301076,1909f56bfc062723c751e8b465ee728b)
Start importing Assets/Scenes/SampleScene 1/LightingData.asset using Guid(412f2e123f1144840a5dbaf21441a824) Importer(815301076,1909f56bfc062723c751e8b465ee728b)  -> (artifact id: '5d2b991b4ff741b3893f46482e1f03f6') in 0.006318 seconds
  Import took 0.009542 seconds .

========================================================================
Received Import Request.
  Time since last request: 0.000202 seconds.
  path: Assets/Scenes/SampleScene 1/Lightmap-1_comp_dir.png
  artifactKey: Guid(6d2fd8c76b4efeb40b963b046e016344) Importer(815301076,1909f56bfc062723c751e8b465ee728b)
Start importing Assets/Scenes/SampleScene 1/Lightmap-1_comp_dir.png using Guid(6d2fd8c76b4efeb40b963b046e016344) Importer(815301076,1909f56bfc062723c751e8b465ee728b)  -> (artifact id: 'b43945d78eac51ee93b10734483dab92') in 0.007914 seconds
  Import took 0.010491 seconds .

========================================================================
Received Import Request.
  Time since last request: 0.000308 seconds.
  path: Assets/Scenes/SampleScene 1/Lightmap-0_comp_light.exr
  artifactKey: Guid(c0f99c695c223024eb251f057ca23602) Importer(815301076,1909f56bfc062723c751e8b465ee728b)
Start importing Assets/Scenes/SampleScene 1/Lightmap-0_comp_light.exr using Guid(c0f99c695c223024eb251f057ca23602) Importer(815301076,1909f56bfc062723c751e8b465ee728b)  -> (artifact id: '835684fa954dbeed97ae6d836bac6a7e') in 0.007005 seconds
  Import took 0.009439 seconds .

========================================================================
Received Import Request.
  Time since last request: 0.000240 seconds.
  path: Assets/Scenes/SampleScene 1/ReflectionProbe-2.exr
  artifactKey: Guid(4929b0fd199c34b4184f20644323a842) Importer(815301076,1909f56bfc062723c751e8b465ee728b)
Start importing Assets/Scenes/SampleScene 1/ReflectionProbe-2.exr using Guid(4929b0fd199c34b4184f20644323a842) Importer(815301076,1909f56bfc062723c751e8b465ee728b)  -> (artifact id: 'aa2f3f9e47b9d9c288b6e0fa2e681bd4') in 0.009979 seconds
  Import took 0.012317 seconds .

========================================================================
Received Import Request.
  Time since last request: 0.000310 seconds.
  path: Assets/Scenes/SampleScene 1/Lightmap-2_comp_dir.png
  artifactKey: Guid(cd7c288138e5e564caccad31bde3ac68) Importer(815301076,1909f56bfc062723c751e8b465ee728b)
Start importing Assets/Scenes/SampleScene 1/Lightmap-2_comp_dir.png using Guid(cd7c288138e5e564caccad31bde3ac68) Importer(815301076,1909f56bfc062723c751e8b465ee728b)  -> (artifact id: 'c96c7b91baecad8b0d427c79c5d5a6c6') in 0.005919 seconds
  Import took 0.008274 seconds .

========================================================================
Received Import Request.
  Time since last request: 0.000313 seconds.
  path: Assets/Scenes/SampleScene 1/ReflectionProbe-3.exr
  artifactKey: Guid(0591d3b5f28e3304fbf416d909cce3cd) Importer(815301076,1909f56bfc062723c751e8b465ee728b)
Start importing Assets/Scenes/SampleScene 1/ReflectionProbe-3.exr using Guid(0591d3b5f28e3304fbf416d909cce3cd) Importer(815301076,1909f56bfc062723c751e8b465ee728b)  -> (artifact id: '675f0023a89aa6db5a4f0bbb6c329954') in 0.008678 seconds
  Import took 0.011062 seconds .

========================================================================
Received Import Request.
  Time since last request: 0.000310 seconds.
  path: Assets/Scenes/SampleScene 1/Lightmap-2_comp_light.exr
  artifactKey: Guid(8426f894ec1cb3647baa4dad715aa9a9) Importer(815301076,1909f56bfc062723c751e8b465ee728b)
Start importing Assets/Scenes/SampleScene 1/Lightmap-2_comp_light.exr using Guid(8426f894ec1cb3647baa4dad715aa9a9) Importer(815301076,1909f56bfc062723c751e8b465ee728b)  -> (artifact id: 'c68cd1c1afbf6236b2822aee24b79f98') in 0.005662 seconds
  Import took 0.008131 seconds .

========================================================================
Received Import Request.
  Time since last request: 0.000291 seconds.
  path: Assets/Scenes/SampleScene 1/Lightmap-0_comp_shadowmask.png
  artifactKey: Guid(d9d12d3b29ddebd488dab3a1e8780522) Importer(815301076,1909f56bfc062723c751e8b465ee728b)
Start importing Assets/Scenes/SampleScene 1/Lightmap-0_comp_shadowmask.png using Guid(d9d12d3b29ddebd488dab3a1e8780522) Importer(815301076,1909f56bfc062723c751e8b465ee728b)  -> (artifact id: 'dae1710ef970adcdc961e53a581d3f3e') in 0.006401 seconds
  Import took 0.008931 seconds .

========================================================================
Received Import Request.
  Time since last request: 0.000309 seconds.
  path: Assets/Scenes/SampleScene 1/Lightmap-2_comp_shadowmask.png
  artifactKey: Guid(a324a879261ab3d429bd24e01fc9fd90) Importer(815301076,1909f56bfc062723c751e8b465ee728b)
Start importing Assets/Scenes/SampleScene 1/Lightmap-2_comp_shadowmask.png using Guid(a324a879261ab3d429bd24e01fc9fd90) Importer(815301076,1909f56bfc062723c751e8b465ee728b)  -> (artifact id: 'c5736552714b0d1cf2080afe2fe6cfbb') in 0.006023 seconds
  Import took 0.008345 seconds .

========================================================================
Received Import Request.
  Time since last request: 0.000305 seconds.
  path: Assets/Scenes/SampleScene 1/ReflectionProbe-1.exr
  artifactKey: Guid(4925e93eea98d9a4cbc0eca3e7a74269) Importer(815301076,1909f56bfc062723c751e8b465ee728b)
Start importing Assets/Scenes/SampleScene 1/ReflectionProbe-1.exr using Guid(4925e93eea98d9a4cbc0eca3e7a74269) Importer(815301076,1909f56bfc062723c751e8b465ee728b)  -> (artifact id: '7586cc8f284c35777b4619e36fc16a67') in 0.008726 seconds
  Import took 0.011075 seconds .

========================================================================
Received Import Request.
  Time since last request: 0.000304 seconds.
  path: Assets/Scenes/SampleScene 1/Lightmap-1_comp_light.exr
  artifactKey: Guid(498dde4f4e978424ca70f736fb187f4c) Importer(815301076,1909f56bfc062723c751e8b465ee728b)
Start importing Assets/Scenes/SampleScene 1/Lightmap-1_comp_light.exr using Guid(498dde4f4e978424ca70f736fb187f4c) Importer(815301076,1909f56bfc062723c751e8b465ee728b)  -> (artifact id: '65c64f92f925b41bf59b5b8bd93af993') in 0.005657 seconds
  Import took 0.008159 seconds .

========================================================================
Received Import Request.
  Time since last request: 0.000239 seconds.
  path: Assets/Scenes/SampleScene 1/Lightmap-1_comp_shadowmask.png
  artifactKey: Guid(5e026535a651e9f44a074433769ff752) Importer(815301076,1909f56bfc062723c751e8b465ee728b)
Start importing Assets/Scenes/SampleScene 1/Lightmap-1_comp_shadowmask.png using Guid(5e026535a651e9f44a074433769ff752) Importer(815301076,1909f56bfc062723c751e8b465ee728b)  -> (artifact id: '467c8ead97d74cafeb0cdc74540b16a2') in 0.006120 seconds
  Import took 0.008537 seconds .

========================================================================
Received Import Request.
  Time since last request: 0.000266 seconds.
  path: Assets/Scenes/SampleScene 1/ReflectionProbe-4.exr
  artifactKey: Guid(d132b67d677689e4a9ba46ff6b8d481a) Importer(815301076,1909f56bfc062723c751e8b465ee728b)
Start importing Assets/Scenes/SampleScene 1/ReflectionProbe-4.exr using Guid(d132b67d677689e4a9ba46ff6b8d481a) Importer(815301076,1909f56bfc062723c751e8b465ee728b)  -> (artifact id: '8efb2f2aab38bf0c02a327cb353857ca') in 0.008430 seconds
  Import took 0.010809 seconds .

========================================================================
Received Import Request.
  Time since last request: 0.000266 seconds.
  path: Assets/Scenes/SampleScene 1/ReflectionProbe-0.exr
  artifactKey: Guid(18b3f8e5957afd34398e020a06c821ea) Importer(815301076,1909f56bfc062723c751e8b465ee728b)
Start importing Assets/Scenes/SampleScene 1/ReflectionProbe-0.exr using Guid(18b3f8e5957afd34398e020a06c821ea) Importer(815301076,1909f56bfc062723c751e8b465ee728b)  -> (artifact id: '7533bb8c44073acbefa5abaa97d2c0ae') in 0.008759 seconds
  Import took 0.011171 seconds .

========================================================================
Received Import Request.
  Time since last request: 0.000226 seconds.
  path: Assets/Scenes/SampleScene 1/Lightmap-0_comp_dir.png
  artifactKey: Guid(5c8d2d3ebac19e749bd44cc08f941444) Importer(815301076,1909f56bfc062723c751e8b465ee728b)
Start importing Assets/Scenes/SampleScene 1/Lightmap-0_comp_dir.png using Guid(5c8d2d3ebac19e749bd44cc08f941444) Importer(815301076,1909f56bfc062723c751e8b465ee728b)  -> (artifact id: 'c299adb66456df499f636cc6caebc071') in 0.006801 seconds
  Import took 0.009327 seconds .

AssetImportWorkerClient::OnTransportError - code=2 error=End of file
